  300.000  1.138466e+00  3.057744e+00  8.392420e-01  1.162563e-01  4.122121e-01  1.335695e-01 
  301.000  2.159673e+00  5.819358e+00  1.595806e+00  2.204792e-01  7.869483e-01  2.539805e-01 
  302.000  2.576391e+00  6.937358e+00  1.902750e+00  2.629510e-01  9.402488e-01  3.028320e-01 
  303.000  6.240376e+00  1.684323e+01  4.616721e+00  6.367233e-01  2.288711e+00  7.347739e-01 
  304.000  7.225528e+00  1.942103e+01  5.329311e+00  7.370434e-01  2.643509e+00  8.481861e-01 
  305.000  1.116458e+01  3.005784e+01  8.244485e+00  1.138533e+00  4.100611e+00  1.312150e+00 
  306.000  1.140079e+01  3.052676e+01  8.385509e+00  1.162307e+00  4.170596e+00  1.334595e+00 
  307.000  1.639997e+01  4.384019e+01  1.204803e+01  1.671517e+00  5.999822e+00  1.917504e+00 
  308.000  2.082700e+01  5.545565e+01  1.525653e+01  2.122181e+00  7.600186e+00  2.428152e+00 
  309.000  2.105719e+01  5.571459e+01  1.535436e+01  2.145087e+00  7.644106e+00  2.443722e+00 
  310.000  2.246187e+01  5.924055e+01  1.634048e+01  2.287540e+00  8.140373e+00  2.600669e+00 
  311.000  3.887908e+01  1.015562e+02  2.808706e+01  3.958477e+00  1.396559e+01  4.470195e+00 
  312.000  3.652430e+01  9.486324e+01  2.627751e+01  3.717772e+00  1.305917e+01  4.182195e+00 
  313.000  4.328239e+01  1.115687e+02  3.097022e+01  4.404526e+00  1.537303e+01  4.929063e+00 
  314.000  4.906347e+01  1.252481e+02  3.486231e+01  4.991576e+00  1.726987e+01  5.548509e+00 
  315.000  5.253257e+01  1.332297e+02  3.715246e+01  5.343122e+00  1.838758e+01  5.912998e+00 
  316.000  4.334288e+01  1.086813e+02  3.040483e+01  4.407332e+00  1.500748e+01  4.839078e+00 
  317.000  6.751837e+01  1.677954e+02  4.706275e+01  6.863869e+00  2.318661e+01  7.490269e+00 
  318.000  5.929967e+01  1.458918e+02  4.103830e+01  6.026947e+00  2.017080e+01  6.531449e+00 
  319.000  7.035929e+01  1.720148e+02  4.847482e+01  7.149184e+00  2.380263e+01  7.715008e+00 
  320.000  7.829613e+01  1.876318e+02  5.318559e+01  7.953599e+00  2.596303e+01  8.464749e+00 
  321.000  7.838458e+01  1.877237e+02  5.322166e+01  7.960789e+00  2.600287e+01  8.470490e+00 
  322.000  8.230022e+01  1.933461e+02  5.512926e+01  8.356375e+00  2.678158e+01  8.774095e+00 
  323.000  7.303236e+01  1.700222e+02  4.861092e+01  7.413540e+00  2.356423e+01  7.736668e+00 
  324.000  9.251394e+01  2.139537e+02  6.129352e+01  9.388849e+00  2.967521e+01  9.755167e+00 
  325.000  9.475812e+01  2.147741e+02  6.190644e+01  9.614371e+00  2.978373e+01  9.852715e+00 
  326.000  1.270207e+02  2.858987e+02  8.258388e+01  1.288480e+01  3.967259e+01  1.314363e+01 
  327.000  1.289253e+02  2.869895e+02  8.318296e+01  1.307497e+01  3.984015e+01  1.323898e+01 
  328.000  1.222089e+02  2.671124e+02  7.786427e+01  1.239096e+01  3.707715e+01  1.239248e+01 
  329.000  1.379704e+02  2.995374e+02  8.750157e+01  1.398569e+01  4.160690e+01  1.392631e+01 
  330.000  1.557128e+02  3.339684e+02  9.793625e+01  1.578077e+01  4.640112e+01  1.558704e+01 
  331.000  1.349114e+02  2.842050e+02  8.382328e+01  1.366949e+01  3.948329e+01  1.334089e+01 
  332.000  1.423252e+02  2.974178e+02  8.794862e+01  1.441742e+01  4.134094e+01  1.399746e+01 
  333.000  1.421801e+02  2.933959e+02  8.711520e+01  1.439952e+01  4.079148e+01  1.386481e+01 
  334.000  1.393056e+02  2.832228e+02  8.450568e+01  1.410517e+01  3.937992e+01  1.344950e+01 
  335.000  1.496956e+02  3.014066e+02  9.022043e+01  1.515389e+01  4.192493e+01  1.435903e+01 
  336.000  1.266820e+02  2.520470e+02  7.574578e+01  1.282148e+01  3.506631e+01  1.205532e+01 
  337.000  1.254073e+02  2.458432e+02  7.425011e+01  1.268962e+01  3.420442e+01  1.181727e+01 
  338.000  1.449687e+02  2.808764e+02  8.516902e+01  1.466545e+01  3.908652e+01  1.355507e+01 
  339.000  1.570059e+02  3.007261e+02  9.154639e+01  1.587934e+01  4.185625e+01  1.457006e+01 
  340.000  1.765567e+02  3.333661e+02  1.019846e+02  1.785221e+01  4.639861e+01  1.623135e+01 
